# JRE version: Java(TM) SE Runtime Environment (8.0_73-b02) (build 1.8.0_73-b02)
# Java VM: Java HotSpot(TM) 64-Bit Server VM (25.73-b02 mixed mode windows-amd64 compressed oops)
Heap:
 PSYoungGen      total 24576K, used 16552K [0x00000000d5980000, 0x00000000d7700000, 0x0000000100000000)
  eden space 24064K, 68% used [0x00000000d5980000,0x00000000d69a2108,0x00000000d7100000)
  from space 512K, 6% used [0x00000000d7600000,0x00000000d7608000,0x00000000d7680000)
  to   space 512K, 0% used [0x00000000d7680000,0x00000000d7680000,0x00000000d7700000)
 ParOldGen       total 87552K, used 6605K [0x0000000080c00000, 0x0000000086180000, 0x00000000d5980000)
  object space 87552K, 7% used [0x0000000080c00000,0x00000000812737e8,0x0000000086180000)
 Metaspace       used 9372K, capacity 9541K, committed 9856K, reserved 1058816K
  class space    used 969K, capacity 1057K, committed 1152K, reserved 1048576K
GC Heap History (10 events):
Event: 80.311 GC heap before
{Heap before GC invocations=101 (full 0):
 PSYoungGen      total 24576K, used 24096K [0x00000000d5980000, 0x00000000d7700000, 0x0000000100000000)
  eden space 24064K, 100% used [0x00000000d5980000,0x00000000d7100000,0x00000000d7100000)
  from space 512K, 6% used [0x00000000d7680000,0x00000000d7688000,0x00000000d7700000)
  to   space 512K, 0% used [0x00000000d7600000,0x00000000d7600000,0x00000000d7680000)
 ParOldGen       total 87552K, used 6589K [0x0000000080c00000, 0x0000000086180000, 0x00000000d5980000)
  object space 87552K, 7% used [0x0000000080c00000,0x000000008126f7e8,0x0000000086180000)
 Metaspace       used 9352K, capacity 9541K, committed 9856K, reserved 1058816K
  class space    used 966K, capacity 1057K, committed 1152K, reserved 1048576K
Event: 80.311 GC heap after
Heap after GC invocations=101 (full 0):
 PSYoungGen      total 24576K, used 32K [0x00000000d5980000, 0x00000000d7700000, 0x0000000100000000)
  eden space 24064K, 0% used [0x00000000d5980000,0x00000000d5980000,0x00000000d7100000)
  from space 512K, 6% used [0x00000000d7600000,0x00000000d7608000,0x00000000d7680000)
  to   space 512K, 0% used [0x00000000d7680000,0x00000000d7680000,0x00000000d7700000)
 ParOldGen       total 87552K, used 6589K [0x0000000080c00000, 0x0000000086180000, 0x00000000d5980000)
  object space 87552K, 7% used [0x0000000080c00000,0x000000008126f7e8,0x0000000086180000)
 Metaspace       used 9352K, capacity 9541K, committed 9856K, reserved 1058816K
  class space    used 966K, capacity 1057K, committed 1152K, reserved 1048576K
}
Event: 80.884 GC heap before
{Heap before GC invocations=102 (full 0):
 PSYoungGen      total 24576K, used 24096K [0x00000000d5980000, 0x00000000d7700000, 0x0000000100000000)
  eden space 24064K, 100% used [0x00000000d5980000,0x00000000d7100000,0x00000000d7100000)
  from space 512K, 6% used [0x00000000d7600000,0x00000000d7608000,0x00000000d7680000)
  to   space 512K, 0% used [0x00000000d7680000,0x00000000d7680000,0x00000000d7700000)
 ParOldGen       total 87552K, used 6589K [0x0000000080c00000, 0x0000000086180000, 0x00000000d5980000)
  object space 87552K, 7% used [0x0000000080c00000,0x000000008126f7e8,0x0000000086180000)
 Metaspace       used 9352K, capacity 9541K, committed 9856K, reserved 1058816K
  class space    used 966K, capacity 1057K, committed 1152K, reserved 1048576K
Event: 80.885 GC heap after
Heap after GC invocations=102 (full 0):
 PSYoungGen      total 24576K, used 0K [0x00000000d5980000, 0x00000000d7700000, 0x0000000100000000)
  eden space 24064K, 0% used [0x00000000d5980000,0x00000000d5980000,0x00000000d7100000)
  from space 512K, 0% used [0x00000000d7680000,0x00000000d7680000,0x00000000d7700000)
  to   space 512K, 0% used [0x00000000d7600000,0x00000000d7600000,0x00000000d7680000)
 ParOldGen       total 87552K, used 6597K [0x0000000080c00000, 0x0000000086180000, 0x00000000d5980000)
  object space 87552K, 7% used [0x0000000080c00000,0x00000000812717e8,0x0000000086180000)
 Metaspace       used 9352K, capacity 9541K, committed 9856K, reserved 1058816K
  class space    used 966K, capacity 1057K, committed 1152K, reserved 1048576K
}
Event: 81.468 GC heap before
{Heap before GC invocations=103 (full 0):
 PSYoungGen      total 24576K, used 24064K [0x00000000d5980000, 0x00000000d7700000, 0x0000000100000000)
  eden space 24064K, 100% used [0x00000000d5980000,0x00000000d7100000,0x00000000d7100000)
  from space 512K, 0% used [0x00000000d7680000,0x00000000d7680000,0x00000000d7700000)
  to   space 512K, 0% used [0x00000000d7600000,0x00000000d7600000,0x00000000d7680000)
 ParOldGen       total 87552K, used 6597K [0x0000000080c00000, 0x0000000086180000, 0x00000000d5980000)
  object space 87552K, 7% used [0x0000000080c00000,0x00000000812717e8,0x0000000086180000)
 Metaspace       used 9352K, capacity 9541K, committed 9856K, reserved 1058816K
  class space    used 966K, capacity 1057K, committed 1152K, reserved 1048576K
Event: 81.469 GC heap after
Heap after GC invocations=103 (full 0):
 PSYoungGen      total 24576K, used 32K [0x00000000d5980000, 0x00000000d7700000, 0x0000000100000000)
  eden space 24064K, 0% used [0x00000000d5980000,0x00000000d5980000,0x00000000d7100000)
  from space 512K, 6% used [0x00000000d7600000,0x00000000d7608000,0x00000000d7680000)
  to   space 512K, 0% used [0x00000000d7680000,0x00000000d7680000,0x00000000d7700000)
 ParOldGen       total 87552K, used 6597K [0x0000000080c00000, 0x0000000086180000, 0x00000000d5980000)
  object space 87552K, 7% used [0x0000000080c00000,0x00000000812717e8,0x0000000086180000)
 Metaspace       used 9352K, capacity 9541K, committed 9856K, reserved 1058816K
  class space    used 966K, capacity 1057K, committed 1152K, reserved 1048576K
}
Event: 82.050 GC heap before
{Heap before GC invocations=104 (full 0):
 PSYoungGen      total 24576K, used 24096K [0x00000000d5980000, 0x00000000d7700000, 0x0000000100000000)
  eden space 24064K, 100% used [0x00000000d5980000,0x00000000d7100000,0x00000000d7100000)
  from space 512K, 6% used [0x00000000d7600000,0x00000000d7608000,0x00000000d7680000)
  to   space 512K, 0% used [0x00000000d7680000,0x00000000d7680000,0x00000000d7700000)
 ParOldGen       total 87552K, used 6597K [0x0000000080c00000, 0x0000000086180000, 0x00000000d5980000)
  object space 87552K, 7% used [0x0000000080c00000,0x00000000812717e8,0x0000000086180000)
 Metaspace       used 9352K, capacity 9541K, committed 9856K, reserved 1058816K
  class space    used 966K, capacity 1057K, committed 1152K, reserved 1048576K
Event: 82.050 GC heap after
Heap after GC invocations=104 (full 0):
 PSYoungGen      total 24576K, used 32K [0x00000000d5980000, 0x00000000d7700000, 0x0000000100000000)
  eden space 24064K, 0% used [0x00000000d5980000,0x00000000d5980000,0x00000000d7100000)
  from space 512K, 6% used [0x00000000d7680000,0x00000000d7688000,0x00000000d7700000)
  to   space 512K, 0% used [0x00000000d7600000,0x00000000d7600000,0x00000000d7680000)
 ParOldGen       total 87552K, used 6597K [0x0000000080c00000, 0x0000000086180000, 0x00000000d5980000)
  object space 87552K, 7% used [0x0000000080c00000,0x00000000812717e8,0x0000000086180000)
 Metaspace       used 9352K, capacity 9541K, committed 9856K, reserved 1058816K
  class space    used 966K, capacity 1057K, committed 1152K, reserved 1048576K
}
Event: 82.606 GC heap before
{Heap before GC invocations=105 (full 0):
 PSYoungGen      total 24576K, used 24096K [0x00000000d5980000, 0x00000000d7700000, 0x0000000100000000)
  eden space 24064K, 100% used [0x00000000d5980000,0x00000000d7100000,0x00000000d7100000)
  from space 512K, 6% used [0x00000000d7680000,0x00000000d7688000,0x00000000d7700000)
  to   space 512K, 0% used [0x00000000d7600000,0x00000000d7600000,0x00000000d7680000)
 ParOldGen       total 87552K, used 6597K [0x0000000080c00000, 0x0000000086180000, 0x00000000d5980000)
  object space 87552K, 7% used [0x0000000080c00000,0x00000000812717e8,0x0000000086180000)
 Metaspace       used 9352K, capacity 9541K, committed 9856K, reserved 1058816K
  class space    used 966K, capacity 1057K, committed 1152K, reserved 1048576K
Event: 82.606 GC heap after
Heap after GC invocations=105 (full 0):
 PSYoungGen      total 24576K, used 32K [0x00000000d5980000, 0x00000000d7700000, 0x0000000100000000)
  eden space 24064K, 0% used [0x00000000d5980000,0x00000000d5980000,0x00000000d7100000)
  from space 512K, 6% used [0x00000000d7600000,0x00000000d7608000,0x00000000d7680000)
  to   space 512K, 0% used [0x00000000d7680000,0x00000000d7680000,0x00000000d7700000)
 ParOldGen       total 87552K, used 6605K [0x0000000080c00000, 0x0000000086180000, 0x00000000d5980000)
  object space 87552K, 7% used [0x0000000080c00000,0x00000000812737e8,0x0000000086180000)
 Metaspace       used 9352K, capacity 9541K, committed 9856K, reserved 1058816K
  class space    used 966K, capacity 1057K, committed 1152K, reserved 1048576K
}

