# JRE version: Java(TM) SE Runtime Environment (8.0_73-b02) (build 1.8.0_73-b02)
# Java VM: Java HotSpot(TM) 64-Bit Server VM (25.73-b02 mixed mode windows-amd64 compressed oops)
Heap:
 PSYoungGen      total 31744K, used 27751K [0x00000000d5980000, 0x00000000d9580000, 0x0000000100000000)
  eden space 31232K, 88% used [0x00000000d5980000,0x00000000d7489d80,0x00000000d7800000)
  from space 512K, 12% used [0x00000000d9500000,0x00000000d9510000,0x00000000d9580000)
  to   space 1536K, 0% used [0x00000000d9280000,0x00000000d9280000,0x00000000d9400000)
 ParOldGen       total 87552K, used 6386K [0x0000000080c00000, 0x0000000086180000, 0x00000000d5980000)
  object space 87552K, 7% used [0x0000000080c00000,0x000000008123ca40,0x0000000086180000)
 Metaspace       used 9370K, capacity 9541K, committed 9856K, reserved 1058816K
  class space    used 969K, capacity 1057K, committed 1152K, reserved 1048576K
GC Heap History (10 events):
Event: 38.694 GC heap before
{Heap before GC invocations=36 (full 0):
 PSYoungGen      total 36352K, used 33856K [0x00000000d5980000, 0x00000000d9980000, 0x0000000100000000)
  eden space 33792K, 100% used [0x00000000d5980000,0x00000000d7a80000,0x00000000d7a80000)
  from space 2560K, 2% used [0x00000000d9480000,0x00000000d9490000,0x00000000d9700000)
  to   space 2048K, 0% used [0x00000000d9780000,0x00000000d9780000,0x00000000d9980000)
 ParOldGen       total 87552K, used 6386K [0x0000000080c00000, 0x0000000086180000, 0x00000000d5980000)
  object space 87552K, 7% used [0x0000000080c00000,0x000000008123ca40,0x0000000086180000)
 Metaspace       used 9351K, capacity 9541K, committed 9856K, reserved 1058816K
  class space    used 966K, capacity 1057K, committed 1152K, reserved 1048576K
Event: 38.695 GC heap after
Heap after GC invocations=36 (full 0):
 PSYoungGen      total 33792K, used 64K [0x00000000d5980000, 0x00000000d9800000, 0x0000000100000000)
  eden space 33280K, 0% used [0x00000000d5980000,0x00000000d5980000,0x00000000d7a00000)
  from space 512K, 12% used [0x00000000d9780000,0x00000000d9790000,0x00000000d9800000)
  to   space 2048K, 0% used [0x00000000d9400000,0x00000000d9400000,0x00000000d9600000)
 ParOldGen       total 87552K, used 6386K [0x0000000080c00000, 0x0000000086180000, 0x00000000d5980000)
  object space 87552K, 7% used [0x0000000080c00000,0x000000008123ca40,0x0000000086180000)
 Metaspace       used 9351K, capacity 9541K, committed 9856K, reserved 1058816K
  class space    used 966K, capacity 1057K, committed 1152K, reserved 1048576K
}
Event: 39.847 GC heap before
{Heap before GC invocations=37 (full 0):
 PSYoungGen      total 33792K, used 33344K [0x00000000d5980000, 0x00000000d9800000, 0x0000000100000000)
  eden space 33280K, 100% used [0x00000000d5980000,0x00000000d7a00000,0x00000000d7a00000)
  from space 512K, 12% used [0x00000000d9780000,0x00000000d9790000,0x00000000d9800000)
  to   space 2048K, 0% used [0x00000000d9400000,0x00000000d9400000,0x00000000d9600000)
 ParOldGen       total 87552K, used 6386K [0x0000000080c00000, 0x0000000086180000, 0x00000000d5980000)
  object space 87552K, 7% used [0x0000000080c00000,0x000000008123ca40,0x0000000086180000)
 Metaspace       used 9351K, capacity 9541K, committed 9856K, reserved 1058816K
  class space    used 966K, capacity 1057K, committed 1152K, reserved 1048576K
Event: 39.848 GC heap after
Heap after GC invocations=37 (full 0):
 PSYoungGen      total 34816K, used 32K [0x00000000d5980000, 0x00000000d9800000, 0x0000000100000000)
  eden space 32768K, 0% used [0x00000000d5980000,0x00000000d5980000,0x00000000d7980000)
  from space 2048K, 1% used [0x00000000d9400000,0x00000000d9408000,0x00000000d9600000)
  to   space 2048K, 0% used [0x00000000d9600000,0x00000000d9600000,0x00000000d9800000)
 ParOldGen       total 87552K, used 6386K [0x0000000080c00000, 0x0000000086180000, 0x00000000d5980000)
  object space 87552K, 7% used [0x0000000080c00000,0x000000008123ca40,0x0000000086180000)
 Metaspace       used 9351K, capacity 9541K, committed 9856K, reserved 1058816K
  class space    used 966K, capacity 1057K, committed 1152K, reserved 1048576K
}
Event: 40.956 GC heap before
{Heap before GC invocations=38 (full 0):
 PSYoungGen      total 34816K, used 32800K [0x00000000d5980000, 0x00000000d9800000, 0x0000000100000000)
  eden space 32768K, 100% used [0x00000000d5980000,0x00000000d7980000,0x00000000d7980000)
  from space 2048K, 1% used [0x00000000d9400000,0x00000000d9408000,0x00000000d9600000)
  to   space 2048K, 0% used [0x00000000d9600000,0x00000000d9600000,0x00000000d9800000)
 ParOldGen       total 87552K, used 6386K [0x0000000080c00000, 0x0000000086180000, 0x00000000d5980000)
  object space 87552K, 7% used [0x0000000080c00000,0x000000008123ca40,0x0000000086180000)
 Metaspace       used 9351K, capacity 9541K, committed 9856K, reserved 1058816K
  class space    used 966K, capacity 1057K, committed 1152K, reserved 1048576K
Event: 40.957 GC heap after
Heap after GC invocations=38 (full 0):
 PSYoungGen      total 32768K, used 96K [0x00000000d5980000, 0x00000000d9680000, 0x0000000100000000)
  eden space 32256K, 0% used [0x00000000d5980000,0x00000000d5980000,0x00000000d7900000)
  from space 512K, 18% used [0x00000000d9600000,0x00000000d9618000,0x00000000d9680000)
  to   space 2048K, 0% used [0x00000000d9280000,0x00000000d9280000,0x00000000d9480000)
 ParOldGen       total 87552K, used 6386K [0x0000000080c00000, 0x0000000086180000, 0x00000000d5980000)
  object space 87552K, 7% used [0x0000000080c00000,0x000000008123ca40,0x0000000086180000)
 Metaspace       used 9351K, capacity 9541K, committed 9856K, reserved 1058816K
  class space    used 966K, capacity 1057K, committed 1152K, reserved 1048576K
}
Event: 41.962 GC heap before
{Heap before GC invocations=39 (full 0):
 PSYoungGen      total 32768K, used 32351K [0x00000000d5980000, 0x00000000d9680000, 0x0000000100000000)
  eden space 32256K, 99% used [0x00000000d5980000,0x00000000d78ffff8,0x00000000d7900000)
  from space 512K, 18% used [0x00000000d9600000,0x00000000d9618000,0x00000000d9680000)
  to   space 2048K, 0% used [0x00000000d9280000,0x00000000d9280000,0x00000000d9480000)
 ParOldGen       total 87552K, used 6386K [0x0000000080c00000, 0x0000000086180000, 0x00000000d5980000)
  object space 87552K, 7% used [0x0000000080c00000,0x000000008123ca40,0x0000000086180000)
 Metaspace       used 9351K, capacity 9541K, committed 9856K, reserved 1058816K
  class space    used 966K, capacity 1057K, committed 1152K, reserved 1048576K
Event: 41.963 GC heap after
Heap after GC invocations=39 (full 0):
 PSYoungGen      total 33792K, used 64K [0x00000000d5980000, 0x00000000d9680000, 0x0000000100000000)
  eden space 31744K, 0% used [0x00000000d5980000,0x00000000d5980000,0x00000000d7880000)
  from space 2048K, 3% used [0x00000000d9280000,0x00000000d9290000,0x00000000d9480000)
  to   space 1536K, 0% used [0x00000000d9500000,0x00000000d9500000,0x00000000d9680000)
 ParOldGen       total 87552K, used 6386K [0x0000000080c00000, 0x0000000086180000, 0x00000000d5980000)
  object space 87552K, 7% used [0x0000000080c00000,0x000000008123ca40,0x0000000086180000)
 Metaspace       used 9351K, capacity 9541K, committed 9856K, reserved 1058816K
  class space    used 966K, capacity 1057K, committed 1152K, reserved 1048576K
}
Event: 42.870 GC heap before
{Heap before GC invocations=40 (full 0):
 PSYoungGen      total 33792K, used 31808K [0x00000000d5980000, 0x00000000d9680000, 0x0000000100000000)
  eden space 31744K, 100% used [0x00000000d5980000,0x00000000d7880000,0x00000000d7880000)
  from space 2048K, 3% used [0x00000000d9280000,0x00000000d9290000,0x00000000d9480000)
  to   space 1536K, 0% used [0x00000000d9500000,0x00000000d9500000,0x00000000d9680000)
 ParOldGen       total 87552K, used 6386K [0x0000000080c00000, 0x0000000086180000, 0x00000000d5980000)
  object space 87552K, 7% used [0x0000000080c00000,0x000000008123ca40,0x0000000086180000)
 Metaspace       used 9351K, capacity 9541K, committed 9856K, reserved 1058816K
  class space    used 966K, capacity 1057K, committed 1152K, reserved 1048576K
Event: 42.870 GC heap after
Heap after GC invocations=40 (full 0):
 PSYoungGen      total 31744K, used 64K [0x00000000d5980000, 0x00000000d9580000, 0x0000000100000000)
  eden space 31232K, 0% used [0x00000000d5980000,0x00000000d5980000,0x00000000d7800000)
  from space 512K, 12% used [0x00000000d9500000,0x00000000d9510000,0x00000000d9580000)
  to   space 1536K, 0% used [0x00000000d9280000,0x00000000d9280000,0x00000000d9400000)
 ParOldGen       total 87552K, used 6386K [0x0000000080c00000, 0x0000000086180000, 0x00000000d5980000)
  object space 87552K, 7% used [0x0000000080c00000,0x000000008123ca40,0x0000000086180000)
 Metaspace       used 9351K, capacity 9541K, committed 9856K, reserved 1058816K
  class space    used 966K, capacity 1057K, committed 1152K, reserved 1048576K
}

