# JRE version: Java(TM) SE Runtime Environment (8.0_73-b02) (build 1.8.0_73-b02)
# Java VM: Java HotSpot(TM) 64-Bit Server VM (25.73-b02 mixed mode windows-amd64 compressed oops)
Heap:
 PSYoungGen      total 24576K, used 17726K [0x00000000d5980000, 0x00000000db180000, 0x0000000100000000)
  eden space 24064K, 72% used [0x00000000d5980000,0x00000000d6a8fb38,0x00000000d7100000)
  from space 512K, 50% used [0x00000000db080000,0x00000000db0c0000,0x00000000db100000)
  to   space 512K, 0% used [0x00000000db100000,0x00000000db100000,0x00000000db180000)
 ParOldGen       total 87552K, used 6045K [0x0000000080c00000, 0x0000000086180000, 0x00000000d5980000)
  object space 87552K, 6% used [0x0000000080c00000,0x00000000811e7578,0x0000000086180000)
 Metaspace       used 9542K, capacity 9733K, committed 9856K, reserved 1058816K
  class space    used 970K, capacity 1057K, committed 1152K, reserved 1048576K
GC Heap History (10 events):
Event: 29.276 GC heap before
{Heap before GC invocations=169 (full 0):
 PSYoungGen      total 24576K, used 24320K [0x00000000d5980000, 0x00000000db180000, 0x0000000100000000)
  eden space 24064K, 100% used [0x00000000d5980000,0x00000000d7100000,0x00000000d7100000)
  from space 512K, 50% used [0x00000000db100000,0x00000000db140000,0x00000000db180000)
  to   space 512K, 0% used [0x00000000db080000,0x00000000db080000,0x00000000db100000)
 ParOldGen       total 87552K, used 6013K [0x0000000080c00000, 0x0000000086180000, 0x00000000d5980000)
  object space 87552K, 6% used [0x0000000080c00000,0x00000000811df578,0x0000000086180000)
 Metaspace       used 9519K, capacity 9733K, committed 9856K, reserved 1058816K
  class space    used 967K, capacity 1057K, committed 1152K, reserved 1048576K
Event: 29.276 GC heap after
Heap after GC invocations=169 (full 0):
 PSYoungGen      total 24576K, used 256K [0x00000000d5980000, 0x00000000db180000, 0x0000000100000000)
  eden space 24064K, 0% used [0x00000000d5980000,0x00000000d5980000,0x00000000d7100000)
  from space 512K, 50% used [0x00000000db080000,0x00000000db0c0000,0x00000000db100000)
  to   space 512K, 0% used [0x00000000db100000,0x00000000db100000,0x00000000db180000)
 ParOldGen       total 87552K, used 6013K [0x0000000080c00000, 0x0000000086180000, 0x00000000d5980000)
  object space 87552K, 6% used [0x0000000080c00000,0x00000000811df578,0x0000000086180000)
 Metaspace       used 9519K, capacity 9733K, committed 9856K, reserved 1058816K
  class space    used 967K, capacity 1057K, committed 1152K, reserved 1048576K
}
Event: 29.410 GC heap before
{Heap before GC invocations=170 (full 0):
 PSYoungGen      total 24576K, used 24320K [0x00000000d5980000, 0x00000000db180000, 0x0000000100000000)
  eden space 24064K, 100% used [0x00000000d5980000,0x00000000d7100000,0x00000000d7100000)
  from space 512K, 50% used [0x00000000db080000,0x00000000db0c0000,0x00000000db100000)
  to   space 512K, 0% used [0x00000000db100000,0x00000000db100000,0x00000000db180000)
 ParOldGen       total 87552K, used 6013K [0x0000000080c00000, 0x0000000086180000, 0x00000000d5980000)
  object space 87552K, 6% used [0x0000000080c00000,0x00000000811df578,0x0000000086180000)
 Metaspace       used 9519K, capacity 9733K, committed 9856K, reserved 1058816K
  class space    used 967K, capacity 1057K, committed 1152K, reserved 1048576K
Event: 29.411 GC heap after
Heap after GC invocations=170 (full 0):
 PSYoungGen      total 24576K, used 288K [0x00000000d5980000, 0x00000000db180000, 0x0000000100000000)
  eden space 24064K, 0% used [0x00000000d5980000,0x00000000d5980000,0x00000000d7100000)
  from space 512K, 56% used [0x00000000db100000,0x00000000db148000,0x00000000db180000)
  to   space 512K, 0% used [0x00000000db080000,0x00000000db080000,0x00000000db100000)
 ParOldGen       total 87552K, used 6013K [0x0000000080c00000, 0x0000000086180000, 0x00000000d5980000)
  object space 87552K, 6% used [0x0000000080c00000,0x00000000811df578,0x0000000086180000)
 Metaspace       used 9519K, capacity 9733K, committed 9856K, reserved 1058816K
  class space    used 967K, capacity 1057K, committed 1152K, reserved 1048576K
}
Event: 29.550 GC heap before
{Heap before GC invocations=171 (full 0):
 PSYoungGen      total 24576K, used 24352K [0x00000000d5980000, 0x00000000db180000, 0x0000000100000000)
  eden space 24064K, 100% used [0x00000000d5980000,0x00000000d7100000,0x00000000d7100000)
  from space 512K, 56% used [0x00000000db100000,0x00000000db148000,0x00000000db180000)
  to   space 512K, 0% used [0x00000000db080000,0x00000000db080000,0x00000000db100000)
 ParOldGen       total 87552K, used 6013K [0x0000000080c00000, 0x0000000086180000, 0x00000000d5980000)
  object space 87552K, 6% used [0x0000000080c00000,0x00000000811df578,0x0000000086180000)
 Metaspace       used 9519K, capacity 9733K, committed 9856K, reserved 1058816K
  class space    used 967K, capacity 1057K, committed 1152K, reserved 1048576K
Event: 29.551 GC heap after
Heap after GC invocations=171 (full 0):
 PSYoungGen      total 24576K, used 224K [0x00000000d5980000, 0x00000000db180000, 0x0000000100000000)
  eden space 24064K, 0% used [0x00000000d5980000,0x00000000d5980000,0x00000000d7100000)
  from space 512K, 43% used [0x00000000db080000,0x00000000db0b8000,0x00000000db100000)
  to   space 512K, 0% used [0x00000000db100000,0x00000000db100000,0x00000000db180000)
 ParOldGen       total 87552K, used 6029K [0x0000000080c00000, 0x0000000086180000, 0x00000000d5980000)
  object space 87552K, 6% used [0x0000000080c00000,0x00000000811e3578,0x0000000086180000)
 Metaspace       used 9519K, capacity 9733K, committed 9856K, reserved 1058816K
  class space    used 967K, capacity 1057K, committed 1152K, reserved 1048576K
}
Event: 29.688 GC heap before
{Heap before GC invocations=172 (full 0):
 PSYoungGen      total 24576K, used 24288K [0x00000000d5980000, 0x00000000db180000, 0x0000000100000000)
  eden space 24064K, 100% used [0x00000000d5980000,0x00000000d7100000,0x00000000d7100000)
  from space 512K, 43% used [0x00000000db080000,0x00000000db0b8000,0x00000000db100000)
  to   space 512K, 0% used [0x00000000db100000,0x00000000db100000,0x00000000db180000)
 ParOldGen       total 87552K, used 6029K [0x0000000080c00000, 0x0000000086180000, 0x00000000d5980000)
  object space 87552K, 6% used [0x0000000080c00000,0x00000000811e3578,0x0000000086180000)
 Metaspace       used 9519K, capacity 9733K, committed 9856K, reserved 1058816K
  class space    used 967K, capacity 1057K, committed 1152K, reserved 1048576K
Event: 29.688 GC heap after
Heap after GC invocations=172 (full 0):
 PSYoungGen      total 24576K, used 256K [0x00000000d5980000, 0x00000000db180000, 0x0000000100000000)
  eden space 24064K, 0% used [0x00000000d5980000,0x00000000d5980000,0x00000000d7100000)
  from space 512K, 50% used [0x00000000db100000,0x00000000db140000,0x00000000db180000)
  to   space 512K, 0% used [0x00000000db080000,0x00000000db080000,0x00000000db100000)
 ParOldGen       total 87552K, used 6029K [0x0000000080c00000, 0x0000000086180000, 0x00000000d5980000)
  object space 87552K, 6% used [0x0000000080c00000,0x00000000811e3578,0x0000000086180000)
 Metaspace       used 9519K, capacity 9733K, committed 9856K, reserved 1058816K
  class space    used 967K, capacity 1057K, committed 1152K, reserved 1048576K
}
Event: 29.826 GC heap before
{Heap before GC invocations=173 (full 0):
 PSYoungGen      total 24576K, used 24320K [0x00000000d5980000, 0x00000000db180000, 0x0000000100000000)
  eden space 24064K, 100% used [0x00000000d5980000,0x00000000d7100000,0x00000000d7100000)
  from space 512K, 50% used [0x00000000db100000,0x00000000db140000,0x00000000db180000)
  to   space 512K, 0% used [0x00000000db080000,0x00000000db080000,0x00000000db100000)
 ParOldGen       total 87552K, used 6029K [0x0000000080c00000, 0x0000000086180000, 0x00000000d5980000)
  object space 87552K, 6% used [0x0000000080c00000,0x00000000811e3578,0x0000000086180000)
 Metaspace       used 9519K, capacity 9733K, committed 9856K, reserved 1058816K
  class space    used 967K, capacity 1057K, committed 1152K, reserved 1048576K
Event: 29.826 GC heap after
Heap after GC invocations=173 (full 0):
 PSYoungGen      total 24576K, used 256K [0x00000000d5980000, 0x00000000db180000, 0x0000000100000000)
  eden space 24064K, 0% used [0x00000000d5980000,0x00000000d5980000,0x00000000d7100000)
  from space 512K, 50% used [0x00000000db080000,0x00000000db0c0000,0x00000000db100000)
  to   space 512K, 0% used [0x00000000db100000,0x00000000db100000,0x00000000db180000)
 ParOldGen       total 87552K, used 6045K [0x0000000080c00000, 0x0000000086180000, 0x00000000d5980000)
  object space 87552K, 6% used [0x0000000080c00000,0x00000000811e7578,0x0000000086180000)
 Metaspace       used 9519K, capacity 9733K, committed 9856K, reserved 1058816K
  class space    used 967K, capacity 1057K, committed 1152K, reserved 1048576K
}

