# JRE version: Java(TM) SE Runtime Environment (8.0_65-b17) (build 1.8.0_65-b17)
# Java VM: Java HotSpot(TM) 64-Bit Server VM (25.65-b01 mixed mode windows-amd64 compressed oops)
Heap:
 PSYoungGen      total 135680K, used 70697K [0x00000000d5980000, 0x00000000de080000, 0x0000000100000000)
  eden space 133120K, 51% used [0x00000000d5980000,0x00000000d9c94948,0x00000000ddb80000)
  from space 2560K, 78% used [0x00000000dde00000,0x00000000ddff5d68,0x00000000de080000)
  to   space 2560K, 0% used [0x00000000ddb80000,0x00000000ddb80000,0x00000000dde00000)
 ParOldGen       total 87552K, used 40K [0x0000000080c00000, 0x0000000086180000, 0x00000000d5980000)
  object space 87552K, 0% used [0x0000000080c00000,0x0000000080c0a000,0x0000000086180000)
 Metaspace       used 8619K, capacity 8755K, committed 8960K, reserved 1056768K
  class space    used 906K, capacity 966K, committed 1024K, reserved 1048576K
GC Heap History (10 events):
Event: 12.003 GC heap before
{Heap before GC invocations=2 (full 0):
 PSYoungGen      total 38400K, used 35472K [0x00000000d5980000, 0x00000000d8400000, 0x0000000100000000)
  eden space 33280K, 100% used [0x00000000d5980000,0x00000000d7a00000,0x00000000d7a00000)
  from space 5120K, 42% used [0x00000000d7a00000,0x00000000d7c240d8,0x00000000d7f00000)
  to   space 5120K, 0% used [0x00000000d7f00000,0x00000000d7f00000,0x00000000d8400000)
 ParOldGen       total 87552K, used 16K [0x0000000080c00000, 0x0000000086180000, 0x00000000d5980000)
  object space 87552K, 0% used [0x0000000080c00000,0x0000000080c04000,0x0000000086180000)
 Metaspace       used 8588K, capacity 8755K, committed 8960K, reserved 1056768K
  class space    used 903K, capacity 966K, committed 1024K, reserved 1048576K
Event: 12.005 GC heap after
Heap after GC invocations=2 (full 0):
 PSYoungGen      total 38400K, used 1623K [0x00000000d5980000, 0x00000000d8400000, 0x0000000100000000)
  eden space 33280K, 0% used [0x00000000d5980000,0x00000000d5980000,0x00000000d7a00000)
  from space 5120K, 31% used [0x00000000d7f00000,0x00000000d8095d68,0x00000000d8400000)
  to   space 5120K, 0% used [0x00000000d7a00000,0x00000000d7a00000,0x00000000d7f00000)
 ParOldGen       total 87552K, used 24K [0x0000000080c00000, 0x0000000086180000, 0x00000000d5980000)
  object space 87552K, 0% used [0x0000000080c00000,0x0000000080c06000,0x0000000086180000)
 Metaspace       used 8588K, capacity 8755K, committed 8960K, reserved 1056768K
  class space    used 903K, capacity 966K, committed 1024K, reserved 1048576K
}
Event: 12.040 GC heap before
{Heap before GC invocations=3 (full 0):
 PSYoungGen      total 38400K, used 34903K [0x00000000d5980000, 0x00000000d8400000, 0x0000000100000000)
  eden space 33280K, 100% used [0x00000000d5980000,0x00000000d7a00000,0x00000000d7a00000)
  from space 5120K, 31% used [0x00000000d7f00000,0x00000000d8095d68,0x00000000d8400000)
  to   space 5120K, 0% used [0x00000000d7a00000,0x00000000d7a00000,0x00000000d7f00000)
 ParOldGen       total 87552K, used 24K [0x0000000080c00000, 0x0000000086180000, 0x00000000d5980000)
  object space 87552K, 0% used [0x0000000080c00000,0x0000000080c06000,0x0000000086180000)
 Metaspace       used 8600K, capacity 8755K, committed 8960K, reserved 1056768K
  class space    used 903K, capacity 966K, committed 1024K, reserved 1048576K
Event: 12.042 GC heap after
Heap after GC invocations=3 (full 0):
 PSYoungGen      total 38400K, used 1783K [0x00000000d5980000, 0x00000000da480000, 0x0000000100000000)
  eden space 33280K, 0% used [0x00000000d5980000,0x00000000d5980000,0x00000000d7a00000)
  from space 5120K, 34% used [0x00000000d7a00000,0x00000000d7bbdd68,0x00000000d7f00000)
  to   space 5120K, 0% used [0x00000000d9f80000,0x00000000d9f80000,0x00000000da480000)
 ParOldGen       total 87552K, used 32K [0x0000000080c00000, 0x0000000086180000, 0x00000000d5980000)
  object space 87552K, 0% used [0x0000000080c00000,0x0000000080c08000,0x0000000086180000)
 Metaspace       used 8600K, capacity 8755K, committed 8960K, reserved 1056768K
  class space    used 903K, capacity 966K, committed 1024K, reserved 1048576K
}
Event: 12.053 GC heap before
{Heap before GC invocations=4 (full 0):
 PSYoungGen      total 38400K, used 35063K [0x00000000d5980000, 0x00000000da480000, 0x0000000100000000)
  eden space 33280K, 100% used [0x00000000d5980000,0x00000000d7a00000,0x00000000d7a00000)
  from space 5120K, 34% used [0x00000000d7a00000,0x00000000d7bbdd68,0x00000000d7f00000)
  to   space 5120K, 0% used [0x00000000d9f80000,0x00000000d9f80000,0x00000000da480000)
 ParOldGen       total 87552K, used 32K [0x0000000080c00000, 0x0000000086180000, 0x00000000d5980000)
  object space 87552K, 0% used [0x0000000080c00000,0x0000000080c08000,0x0000000086180000)
 Metaspace       used 8600K, capacity 8755K, committed 8960K, reserved 1056768K
  class space    used 903K, capacity 966K, committed 1024K, reserved 1048576K
Event: 12.054 GC heap after
Heap after GC invocations=4 (full 0):
 PSYoungGen      total 71680K, used 1847K [0x00000000d5980000, 0x00000000da480000, 0x0000000100000000)
  eden space 66560K, 0% used [0x00000000d5980000,0x00000000d5980000,0x00000000d9a80000)
  from space 5120K, 36% used [0x00000000d9f80000,0x00000000da14dd68,0x00000000da480000)
  to   space 5120K, 0% used [0x00000000d9a80000,0x00000000d9a80000,0x00000000d9f80000)
 ParOldGen       total 87552K, used 32K [0x0000000080c00000, 0x0000000086180000, 0x00000000d5980000)
  object space 87552K, 0% used [0x0000000080c00000,0x0000000080c08000,0x0000000086180000)
 Metaspace       used 8600K, capacity 8755K, committed 8960K, reserved 1056768K
  class space    used 903K, capacity 966K, committed 1024K, reserved 1048576K
}
Event: 12.080 GC heap before
{Heap before GC invocations=5 (full 0):
 PSYoungGen      total 71680K, used 68407K [0x00000000d5980000, 0x00000000da480000, 0x0000000100000000)
  eden space 66560K, 100% used [0x00000000d5980000,0x00000000d9a80000,0x00000000d9a80000)
  from space 5120K, 36% used [0x00000000d9f80000,0x00000000da14dd68,0x00000000da480000)
  to   space 5120K, 0% used [0x00000000d9a80000,0x00000000d9a80000,0x00000000d9f80000)
 ParOldGen       total 87552K, used 32K [0x0000000080c00000, 0x0000000086180000, 0x00000000d5980000)
  object space 87552K, 0% used [0x0000000080c00000,0x0000000080c08000,0x0000000086180000)
 Metaspace       used 8600K, capacity 8755K, committed 8960K, reserved 1056768K
  class space    used 903K, capacity 966K, committed 1024K, reserved 1048576K
Event: 12.082 GC heap after
Heap after GC invocations=5 (full 0):
 PSYoungGen      total 71680K, used 1911K [0x00000000d5980000, 0x00000000de080000, 0x0000000100000000)
  eden space 66560K, 0% used [0x00000000d5980000,0x00000000d5980000,0x00000000d9a80000)
  from space 5120K, 37% used [0x00000000d9a80000,0x00000000d9c5dd68,0x00000000d9f80000)
  to   space 2560K, 0% used [0x00000000dde00000,0x00000000dde00000,0x00000000de080000)
 ParOldGen       total 87552K, used 40K [0x0000000080c00000, 0x0000000086180000, 0x00000000d5980000)
  object space 87552K, 0% used [0x0000000080c00000,0x0000000080c0a000,0x0000000086180000)
 Metaspace       used 8600K, capacity 8755K, committed 8960K, reserved 1056768K
  class space    used 903K, capacity 966K, committed 1024K, reserved 1048576K
}
Event: 12.101 GC heap before
{Heap before GC invocations=6 (full 0):
 PSYoungGen      total 71680K, used 68471K [0x00000000d5980000, 0x00000000de080000, 0x0000000100000000)
  eden space 66560K, 100% used [0x00000000d5980000,0x00000000d9a80000,0x00000000d9a80000)
  from space 5120K, 37% used [0x00000000d9a80000,0x00000000d9c5dd68,0x00000000d9f80000)
  to   space 2560K, 0% used [0x00000000dde00000,0x00000000dde00000,0x00000000de080000)
 ParOldGen       total 87552K, used 40K [0x0000000080c00000, 0x0000000086180000, 0x00000000d5980000)
  object space 87552K, 0% used [0x0000000080c00000,0x0000000080c0a000,0x0000000086180000)
 Metaspace       used 8600K, capacity 8755K, committed 8960K, reserved 1056768K
  class space    used 903K, capacity 966K, committed 1024K, reserved 1048576K
Event: 12.103 GC heap after
Heap after GC invocations=6 (full 0):
 PSYoungGen      total 135680K, used 2007K [0x00000000d5980000, 0x00000000de080000, 0x0000000100000000)
  eden space 133120K, 0% used [0x00000000d5980000,0x00000000d5980000,0x00000000ddb80000)
  from space 2560K, 78% used [0x00000000dde00000,0x00000000ddff5d68,0x00000000de080000)
  to   space 2560K, 0% used [0x00000000ddb80000,0x00000000ddb80000,0x00000000dde00000)
 ParOldGen       total 87552K, used 40K [0x0000000080c00000, 0x0000000086180000, 0x00000000d5980000)
  object space 87552K, 0% used [0x0000000080c00000,0x0000000080c0a000,0x0000000086180000)
 Metaspace       used 8600K, capacity 8755K, committed 8960K, reserved 1056768K
  class space    used 903K, capacity 966K, committed 1024K, reserved 1048576K
}

