# JRE version: Java(TM) SE Runtime Environment (8.0_73-b02) (build 1.8.0_73-b02)
# Java VM: Java HotSpot(TM) 64-Bit Server VM (25.73-b02 mixed mode windows-amd64 compressed oops)
Heap:
 PSYoungGen      total 24576K, used 4978K [0x00000000d5980000, 0x00000000d9a00000, 0x0000000100000000)
  eden space 24064K, 20% used [0x00000000d5980000,0x00000000d5e4cbb8,0x00000000d7100000)
  from space 512K, 12% used [0x00000000d9900000,0x00000000d9910000,0x00000000d9980000)
  to   space 512K, 0% used [0x00000000d9980000,0x00000000d9980000,0x00000000d9a00000)
 ParOldGen       total 87552K, used 5137K [0x0000000080c00000, 0x0000000086180000, 0x00000000d5980000)
  object space 87552K, 5% used [0x0000000080c00000,0x0000000081104738,0x0000000086180000)
 Metaspace       used 9374K, capacity 9605K, committed 9856K, reserved 1058816K
  class space    used 969K, capacity 1057K, committed 1152K, reserved 1048576K
GC Heap History (10 events):
Event: 59.357 GC heap before
{Heap before GC invocations=57 (full 0):
 PSYoungGen      total 24576K, used 24064K [0x00000000d5980000, 0x00000000d9a00000, 0x0000000100000000)
  eden space 24064K, 100% used [0x00000000d5980000,0x00000000d7100000,0x00000000d7100000)
  from space 512K, 0% used [0x00000000d9980000,0x00000000d9980000,0x00000000d9a00000)
  to   space 512K, 0% used [0x00000000d9900000,0x00000000d9900000,0x00000000d9980000)
 ParOldGen       total 87552K, used 5129K [0x0000000080c00000, 0x0000000086180000, 0x00000000d5980000)
  object space 87552K, 5% used [0x0000000080c00000,0x0000000081102738,0x0000000086180000)
 Metaspace       used 9355K, capacity 9541K, committed 9856K, reserved 1058816K
  class space    used 966K, capacity 1057K, committed 1152K, reserved 1048576K
Event: 59.357 GC heap after
Heap after GC invocations=57 (full 0):
 PSYoungGen      total 24576K, used 64K [0x00000000d5980000, 0x00000000d9a00000, 0x0000000100000000)
  eden space 24064K, 0% used [0x00000000d5980000,0x00000000d5980000,0x00000000d7100000)
  from space 512K, 12% used [0x00000000d9900000,0x00000000d9910000,0x00000000d9980000)
  to   space 512K, 0% used [0x00000000d9980000,0x00000000d9980000,0x00000000d9a00000)
 ParOldGen       total 87552K, used 5129K [0x0000000080c00000, 0x0000000086180000, 0x00000000d5980000)
  object space 87552K, 5% used [0x0000000080c00000,0x0000000081102738,0x0000000086180000)
 Metaspace       used 9355K, capacity 9541K, committed 9856K, reserved 1058816K
  class space    used 966K, capacity 1057K, committed 1152K, reserved 1048576K
}
Event: 60.001 GC heap before
{Heap before GC invocations=58 (full 0):
 PSYoungGen      total 24576K, used 24128K [0x00000000d5980000, 0x00000000d9a00000, 0x0000000100000000)
  eden space 24064K, 100% used [0x00000000d5980000,0x00000000d7100000,0x00000000d7100000)
  from space 512K, 12% used [0x00000000d9900000,0x00000000d9910000,0x00000000d9980000)
  to   space 512K, 0% used [0x00000000d9980000,0x00000000d9980000,0x00000000d9a00000)
 ParOldGen       total 87552K, used 5129K [0x0000000080c00000, 0x0000000086180000, 0x00000000d5980000)
  object space 87552K, 5% used [0x0000000080c00000,0x0000000081102738,0x0000000086180000)
 Metaspace       used 9355K, capacity 9541K, committed 9856K, reserved 1058816K
  class space    used 966K, capacity 1057K, committed 1152K, reserved 1048576K
Event: 60.001 GC heap after
Heap after GC invocations=58 (full 0):
 PSYoungGen      total 24576K, used 64K [0x00000000d5980000, 0x00000000d9a00000, 0x0000000100000000)
  eden space 24064K, 0% used [0x00000000d5980000,0x00000000d5980000,0x00000000d7100000)
  from space 512K, 12% used [0x00000000d9980000,0x00000000d9990000,0x00000000d9a00000)
  to   space 512K, 0% used [0x00000000d9900000,0x00000000d9900000,0x00000000d9980000)
 ParOldGen       total 87552K, used 5129K [0x0000000080c00000, 0x0000000086180000, 0x00000000d5980000)
  object space 87552K, 5% used [0x0000000080c00000,0x0000000081102738,0x0000000086180000)
 Metaspace       used 9355K, capacity 9541K, committed 9856K, reserved 1058816K
  class space    used 966K, capacity 1057K, committed 1152K, reserved 1048576K
}
Event: 60.646 GC heap before
{Heap before GC invocations=59 (full 0):
 PSYoungGen      total 24576K, used 24128K [0x00000000d5980000, 0x00000000d9a00000, 0x0000000100000000)
  eden space 24064K, 100% used [0x00000000d5980000,0x00000000d7100000,0x00000000d7100000)
  from space 512K, 12% used [0x00000000d9980000,0x00000000d9990000,0x00000000d9a00000)
  to   space 512K, 0% used [0x00000000d9900000,0x00000000d9900000,0x00000000d9980000)
 ParOldGen       total 87552K, used 5129K [0x0000000080c00000, 0x0000000086180000, 0x00000000d5980000)
  object space 87552K, 5% used [0x0000000080c00000,0x0000000081102738,0x0000000086180000)
 Metaspace       used 9355K, capacity 9541K, committed 9856K, reserved 1058816K
  class space    used 966K, capacity 1057K, committed 1152K, reserved 1048576K
Event: 60.646 GC heap after
Heap after GC invocations=59 (full 0):
 PSYoungGen      total 24576K, used 32K [0x00000000d5980000, 0x00000000d9a00000, 0x0000000100000000)
  eden space 24064K, 0% used [0x00000000d5980000,0x00000000d5980000,0x00000000d7100000)
  from space 512K, 6% used [0x00000000d9900000,0x00000000d9908000,0x00000000d9980000)
  to   space 512K, 0% used [0x00000000d9980000,0x00000000d9980000,0x00000000d9a00000)
 ParOldGen       total 87552K, used 5137K [0x0000000080c00000, 0x0000000086180000, 0x00000000d5980000)
  object space 87552K, 5% used [0x0000000080c00000,0x0000000081104738,0x0000000086180000)
 Metaspace       used 9355K, capacity 9541K, committed 9856K, reserved 1058816K
  class space    used 966K, capacity 1057K, committed 1152K, reserved 1048576K
}
Event: 61.292 GC heap before
{Heap before GC invocations=60 (full 0):
 PSYoungGen      total 24576K, used 24096K [0x00000000d5980000, 0x00000000d9a00000, 0x0000000100000000)
  eden space 24064K, 100% used [0x00000000d5980000,0x00000000d7100000,0x00000000d7100000)
  from space 512K, 6% used [0x00000000d9900000,0x00000000d9908000,0x00000000d9980000)
  to   space 512K, 0% used [0x00000000d9980000,0x00000000d9980000,0x00000000d9a00000)
 ParOldGen       total 87552K, used 5137K [0x0000000080c00000, 0x0000000086180000, 0x00000000d5980000)
  object space 87552K, 5% used [0x0000000080c00000,0x0000000081104738,0x0000000086180000)
 Metaspace       used 9355K, capacity 9541K, committed 9856K, reserved 1058816K
  class space    used 966K, capacity 1057K, committed 1152K, reserved 1048576K
Event: 61.293 GC heap after
Heap after GC invocations=60 (full 0):
 PSYoungGen      total 24576K, used 32K [0x00000000d5980000, 0x00000000d9a00000, 0x0000000100000000)
  eden space 24064K, 0% used [0x00000000d5980000,0x00000000d5980000,0x00000000d7100000)
  from space 512K, 6% used [0x00000000d9980000,0x00000000d9988000,0x00000000d9a00000)
  to   space 512K, 0% used [0x00000000d9900000,0x00000000d9900000,0x00000000d9980000)
 ParOldGen       total 87552K, used 5137K [0x0000000080c00000, 0x0000000086180000, 0x00000000d5980000)
  object space 87552K, 5% used [0x0000000080c00000,0x0000000081104738,0x0000000086180000)
 Metaspace       used 9355K, capacity 9541K, committed 9856K, reserved 1058816K
  class space    used 966K, capacity 1057K, committed 1152K, reserved 1048576K
}
Event: 61.933 GC heap before
{Heap before GC invocations=61 (full 0):
 PSYoungGen      total 24576K, used 24096K [0x00000000d5980000, 0x00000000d9a00000, 0x0000000100000000)
  eden space 24064K, 100% used [0x00000000d5980000,0x00000000d7100000,0x00000000d7100000)
  from space 512K, 6% used [0x00000000d9980000,0x00000000d9988000,0x00000000d9a00000)
  to   space 512K, 0% used [0x00000000d9900000,0x00000000d9900000,0x00000000d9980000)
 ParOldGen       total 87552K, used 5137K [0x0000000080c00000, 0x0000000086180000, 0x00000000d5980000)
  object space 87552K, 5% used [0x0000000080c00000,0x0000000081104738,0x0000000086180000)
 Metaspace       used 9355K, capacity 9541K, committed 9856K, reserved 1058816K
  class space    used 966K, capacity 1057K, committed 1152K, reserved 1048576K
Event: 61.933 GC heap after
Heap after GC invocations=61 (full 0):
 PSYoungGen      total 24576K, used 64K [0x00000000d5980000, 0x00000000d9a00000, 0x0000000100000000)
  eden space 24064K, 0% used [0x00000000d5980000,0x00000000d5980000,0x00000000d7100000)
  from space 512K, 12% used [0x00000000d9900000,0x00000000d9910000,0x00000000d9980000)
  to   space 512K, 0% used [0x00000000d9980000,0x00000000d9980000,0x00000000d9a00000)
 ParOldGen       total 87552K, used 5137K [0x0000000080c00000, 0x0000000086180000, 0x00000000d5980000)
  object space 87552K, 5% used [0x0000000080c00000,0x0000000081104738,0x0000000086180000)
 Metaspace       used 9355K, capacity 9541K, committed 9856K, reserved 1058816K
  class space    used 966K, capacity 1057K, committed 1152K, reserved 1048576K
}

