# JRE version: Java(TM) SE Runtime Environment (8.0_65-b17) (build 1.8.0_65-b17)
# Java VM: Java HotSpot(TM) 64-Bit Server VM (25.65-b01 mixed mode windows-amd64 compressed oops)
Heap:
 PSYoungGen      total 26112K, used 8044K [0x00000000d5980000, 0x00000000d7500000, 0x0000000100000000)
  eden space 24064K, 32% used [0x00000000d5980000,0x00000000d6113140,0x00000000d7100000)
  from space 2048K, 14% used [0x00000000d7300000,0x00000000d7348000,0x00000000d7500000)
  to   space 2048K, 0% used [0x00000000d7100000,0x00000000d7100000,0x00000000d7300000)
 ParOldGen       total 87552K, used 1903K [0x0000000080c00000, 0x0000000086180000, 0x00000000d5980000)
  object space 87552K, 2% used [0x0000000080c00000,0x0000000080ddbc30,0x0000000086180000)
 Metaspace       used 8819K, capacity 8947K, committed 9216K, reserved 1056768K
  class space    used 907K, capacity 966K, committed 1024K, reserved 1048576K
GC Heap History (10 events):
Event: 19.400 GC heap before
{Heap before GC invocations=22 (full 0):
 PSYoungGen      total 25088K, used 24864K [0x00000000d5980000, 0x00000000d7580000, 0x0000000100000000)
  eden space 24576K, 100% used [0x00000000d5980000,0x00000000d7180000,0x00000000d7180000)
  from space 512K, 56% used [0x00000000d7200000,0x00000000d7248000,0x00000000d7280000)
  to   space 2048K, 0% used [0x00000000d7380000,0x00000000d7380000,0x00000000d7580000)
 ParOldGen       total 87552K, used 1831K [0x0000000080c00000, 0x0000000086180000, 0x00000000d5980000)
  object space 87552K, 2% used [0x0000000080c00000,0x0000000080dc9c30,0x0000000086180000)
 Metaspace       used 8802K, capacity 8947K, committed 9216K, reserved 1056768K
  class space    used 905K, capacity 966K, committed 1024K, reserved 1048576K
Event: 19.400 GC heap after
Heap after GC invocations=22 (full 0):
 PSYoungGen      total 25600K, used 288K [0x00000000d5980000, 0x00000000d7500000, 0x0000000100000000)
  eden space 24064K, 0% used [0x00000000d5980000,0x00000000d5980000,0x00000000d7100000)
  from space 1536K, 18% used [0x00000000d7380000,0x00000000d73c8000,0x00000000d7500000)
  to   space 2048K, 0% used [0x00000000d7100000,0x00000000d7100000,0x00000000d7300000)
 ParOldGen       total 87552K, used 1839K [0x0000000080c00000, 0x0000000086180000, 0x00000000d5980000)
  object space 87552K, 2% used [0x0000000080c00000,0x0000000080dcbc30,0x0000000086180000)
 Metaspace       used 8802K, capacity 8947K, committed 9216K, reserved 1056768K
  class space    used 905K, capacity 966K, committed 1024K, reserved 1048576K
}
Event: 19.708 GC heap before
{Heap before GC invocations=23 (full 0):
 PSYoungGen      total 25600K, used 24352K [0x00000000d5980000, 0x00000000d7500000, 0x0000000100000000)
  eden space 24064K, 100% used [0x00000000d5980000,0x00000000d7100000,0x00000000d7100000)
  from space 1536K, 18% used [0x00000000d7380000,0x00000000d73c8000,0x00000000d7500000)
  to   space 2048K, 0% used [0x00000000d7100000,0x00000000d7100000,0x00000000d7300000)
 ParOldGen       total 87552K, used 1839K [0x0000000080c00000, 0x0000000086180000, 0x00000000d5980000)
  object space 87552K, 2% used [0x0000000080c00000,0x0000000080dcbc30,0x0000000086180000)
 Metaspace       used 8802K, capacity 8947K, committed 9216K, reserved 1056768K
  class space    used 905K, capacity 966K, committed 1024K, reserved 1048576K
Event: 19.708 GC heap after
Heap after GC invocations=23 (full 0):
 PSYoungGen      total 26112K, used 288K [0x00000000d5980000, 0x00000000d7500000, 0x0000000100000000)
  eden space 24064K, 0% used [0x00000000d5980000,0x00000000d5980000,0x00000000d7100000)
  from space 2048K, 14% used [0x00000000d7100000,0x00000000d7148000,0x00000000d7300000)
  to   space 2048K, 0% used [0x00000000d7300000,0x00000000d7300000,0x00000000d7500000)
 ParOldGen       total 87552K, used 1855K [0x0000000080c00000, 0x0000000086180000, 0x00000000d5980000)
  object space 87552K, 2% used [0x0000000080c00000,0x0000000080dcfc30,0x0000000086180000)
 Metaspace       used 8802K, capacity 8947K, committed 9216K, reserved 1056768K
  class space    used 905K, capacity 966K, committed 1024K, reserved 1048576K
}
Event: 19.798 GC heap before
{Heap before GC invocations=24 (full 0):
 PSYoungGen      total 26112K, used 24352K [0x00000000d5980000, 0x00000000d7500000, 0x0000000100000000)
  eden space 24064K, 100% used [0x00000000d5980000,0x00000000d7100000,0x00000000d7100000)
  from space 2048K, 14% used [0x00000000d7100000,0x00000000d7148000,0x00000000d7300000)
  to   space 2048K, 0% used [0x00000000d7300000,0x00000000d7300000,0x00000000d7500000)
 ParOldGen       total 87552K, used 1855K [0x0000000080c00000, 0x0000000086180000, 0x00000000d5980000)
  object space 87552K, 2% used [0x0000000080c00000,0x0000000080dcfc30,0x0000000086180000)
 Metaspace       used 8802K, capacity 8947K, committed 9216K, reserved 1056768K
  class space    used 905K, capacity 966K, committed 1024K, reserved 1048576K
Event: 19.799 GC heap after
Heap after GC invocations=24 (full 0):
 PSYoungGen      total 26112K, used 288K [0x00000000d5980000, 0x00000000d7500000, 0x0000000100000000)
  eden space 24064K, 0% used [0x00000000d5980000,0x00000000d5980000,0x00000000d7100000)
  from space 2048K, 14% used [0x00000000d7300000,0x00000000d7348000,0x00000000d7500000)
  to   space 2048K, 0% used [0x00000000d7100000,0x00000000d7100000,0x00000000d7300000)
 ParOldGen       total 87552K, used 1871K [0x0000000080c00000, 0x0000000086180000, 0x00000000d5980000)
  object space 87552K, 2% used [0x0000000080c00000,0x0000000080dd3c30,0x0000000086180000)
 Metaspace       used 8802K, capacity 8947K, committed 9216K, reserved 1056768K
  class space    used 905K, capacity 966K, committed 1024K, reserved 1048576K
}
Event: 19.888 GC heap before
{Heap before GC invocations=25 (full 0):
 PSYoungGen      total 26112K, used 24352K [0x00000000d5980000, 0x00000000d7500000, 0x0000000100000000)
  eden space 24064K, 100% used [0x00000000d5980000,0x00000000d7100000,0x00000000d7100000)
  from space 2048K, 14% used [0x00000000d7300000,0x00000000d7348000,0x00000000d7500000)
  to   space 2048K, 0% used [0x00000000d7100000,0x00000000d7100000,0x00000000d7300000)
 ParOldGen       total 87552K, used 1871K [0x0000000080c00000, 0x0000000086180000, 0x00000000d5980000)
  object space 87552K, 2% used [0x0000000080c00000,0x0000000080dd3c30,0x0000000086180000)
 Metaspace       used 8802K, capacity 8947K, committed 9216K, reserved 1056768K
  class space    used 905K, capacity 966K, committed 1024K, reserved 1048576K
Event: 19.889 GC heap after
Heap after GC invocations=25 (full 0):
 PSYoungGen      total 26112K, used 288K [0x00000000d5980000, 0x00000000d7500000, 0x0000000100000000)
  eden space 24064K, 0% used [0x00000000d5980000,0x00000000d5980000,0x00000000d7100000)
  from space 2048K, 14% used [0x00000000d7100000,0x00000000d7148000,0x00000000d7300000)
  to   space 2048K, 0% used [0x00000000d7300000,0x00000000d7300000,0x00000000d7500000)
 ParOldGen       total 87552K, used 1887K [0x0000000080c00000, 0x0000000086180000, 0x00000000d5980000)
  object space 87552K, 2% used [0x0000000080c00000,0x0000000080dd7c30,0x0000000086180000)
 Metaspace       used 8802K, capacity 8947K, committed 9216K, reserved 1056768K
  class space    used 905K, capacity 966K, committed 1024K, reserved 1048576K
}
Event: 19.979 GC heap before
{Heap before GC invocations=26 (full 0):
 PSYoungGen      total 26112K, used 24352K [0x00000000d5980000, 0x00000000d7500000, 0x0000000100000000)
  eden space 24064K, 100% used [0x00000000d5980000,0x00000000d7100000,0x00000000d7100000)
  from space 2048K, 14% used [0x00000000d7100000,0x00000000d7148000,0x00000000d7300000)
  to   space 2048K, 0% used [0x00000000d7300000,0x00000000d7300000,0x00000000d7500000)
 ParOldGen       total 87552K, used 1887K [0x0000000080c00000, 0x0000000086180000, 0x00000000d5980000)
  object space 87552K, 2% used [0x0000000080c00000,0x0000000080dd7c30,0x0000000086180000)
 Metaspace       used 8802K, capacity 8947K, committed 9216K, reserved 1056768K
  class space    used 905K, capacity 966K, committed 1024K, reserved 1048576K
Event: 19.979 GC heap after
Heap after GC invocations=26 (full 0):
 PSYoungGen      total 26112K, used 288K [0x00000000d5980000, 0x00000000d7500000, 0x0000000100000000)
  eden space 24064K, 0% used [0x00000000d5980000,0x00000000d5980000,0x00000000d7100000)
  from space 2048K, 14% used [0x00000000d7300000,0x00000000d7348000,0x00000000d7500000)
  to   space 2048K, 0% used [0x00000000d7100000,0x00000000d7100000,0x00000000d7300000)
 ParOldGen       total 87552K, used 1903K [0x0000000080c00000, 0x0000000086180000, 0x00000000d5980000)
  object space 87552K, 2% used [0x0000000080c00000,0x0000000080ddbc30,0x0000000086180000)
 Metaspace       used 8802K, capacity 8947K, committed 9216K, reserved 1056768K
  class space    used 905K, capacity 966K, committed 1024K, reserved 1048576K
}

